[INFO] Logging in...
[INFO] Getting category members...
[INFO] Found 1159 pages total
[INFO] Processing 1159 pages starting from A onwards
[INFO] Starting reset from letter A...
[OK] Achiko Shrine
[OK] Achiko Shrine (Izu Province)
[OK] Afukako Shrine
[OK] Afukakotano- Shrine
[OK] Afukamuyamano Shrine
[OK] Afukamuyamano Shrine former site
[OK] Afukano- Shrine
[OK] Ahachino Shrine (Harima Province)
[OK] Ahachino Shrine (Izumi Province)
[OK] Ahano Shrine (Iga Province)
[OK] Ahano Shrine (Izumi Province)
[OK] Aijikaue Shrine (Legendary Site C)
[OK] Ajiga Shrine
[OK] Ajiga Shrine (Ise Province)
[OK] Ajiko Shrine
[OK] Ajimino Shrine
[OK] Akaou Shrine
[OK] Akatanushino Shrine
[OK] Akiba Shrine (Ise Province)
[SKIP] Akuto Shrine (protected)
[OK] Ama-no-iwato-wake-toyotamahimeno Shrine (Awa Province (Tokushima))
[OK] Amahinatorino- Shrine
[SKIP] Amakashi-ni-imasu Shrine (protected)
[SKIP] Amamikoso Shrine (protected)
[OK] Amamurakumo Shrine (Awa Province (Tokushima))
[OK] Amano Shrine
[OK] Amanohitokuhatano Shrine Site
[SKIP] Amanohohinomikotono Shrine (protected)
[SKIP] Amanoiwatate Shrine (protected)
[OK] Amanokagoyamano Shrine
[OK] Amanokaguyama Shrine
[SKIP] Amanokakoyamano- Shrine (protected)
[OK] Amano‑Kaguyama Shrine
[OK] Amatamitsu- Shrine
[SKIP] Amaterasu Ōmikami Takakura Shrine & Iwato Shrine (protected)
[OK] Amatsu Shrine (Bizen Province)
[OK] Amatsu Shrine (Echigo Province)
[SKIP] Amatsuihatowakeno Shrine (protected)
[SKIP] Amatsuihatowakewakahimeno Shrine (protected)
[OK] Amatsukasahiko Shrine (Awa Province (Tokushima))
[OK] Amatsuno Shrine
[OK] Amatsunumahikono Shrine (Awa Province (Tokushima))
[OK] Amayono Shrine (Echizen Province)
[SKIP] Amayukawata Shrine (protected)
[SKIP] Ame-no-Mikumari-toyoura Shrine (protected)
[SKIP] Amefutotama-no-Mikoto Shrine (protected)
[OK] Amehimewakamikono Shrine (Echizen Province)
[OK] Ameno-tanakahimeno Shrine
[OK] Amenohitokuhatano Shrine
[OK] Amenohohinomikoto Shrine
[SKIP] Amenoihasuhino Shrine (protected)
[SKIP] Amenotakechi Shrine (protected)
[OK] Amenotanakawono Shrine
[OK] Amenotoyotarashikarahimenomikoto Shrine
[OK] Ametotsurukino Shrine (Echizen Province)
[OK] Ametsuseno- Shrine
[OK] Ametsuseno- Shrine (Izu Province)
[OK] Ami Shrine (Hitachi Province)
[OK] Amino Shrine
[SKIP] Anafukino Shrine (protected)
[OK] Anashi Shrine
[OK] Anashi Shrine Site
[OK] Anashino Shrine
[SKIP] Anashinoohohiyauzuno Shrine (protected)
[OK] Aniko Shrine (Echizen Province)
[OK] Anumi Shrine (Iyo Province)
[OK] Aomi Shrine (Echigo Province)
[OK] Araki Shrine
[OK] Araki Shrine (Izunokuni)
[SKIP] Araki Shrine (Uchi district) (protected)
[SKIP] Aramino Shrine (protected)
[OK] Arasaka Shrine
[OK] Arasuna Shrine
[SKIP] Arihono Shrine (protected)
[SKIP] Arima Shrine (protected)
[OK] Asakano Shrine
[OK] Asakurahiko-no-Mikoto Shrine
[OK] Asama Shrine (Izu Province Second Shrine)
[OK] Ashiinaba Shrine (Awa Province (Tokushima))
[OK] Ashikano Shrine
[OK] Ashimita Shrine
[OK] Ashimitano Shrine
[OK] Ashitsugi Shrine (Bitchū Province) (Bitchū Province)
[OK] Ashitsugiyama Shrine (Bitchū Province)
[OK] Aso-Hime Shrine
[OK] Asori Shrine (Nakami, Meiwa Town)
[OK] Atakatsutakemikumano Shrine
[OK] Atayutano Shrine
[OK] Atsu Shrine (Awa Province (Tokushima))
[OK] Awa Shrine (Awa Province (Chiba))
[OK] Awa-no-Mikoto Shrine
[OK] Awabitamashiratama-hime-no-Mikoto Shrine
[OK] Awomino Shrine (Echigo Province)
[OK] Ayuta Shrine
[OK] Ayutano Shrine
[OK] Azaka Shrine
[OK] Azusawakenomikoto Shrine
[OK] Bishu Shrine
[OK] Chikushi Shrine (Chikuzen Province)
[OK] Chota Great Camphor Tree
[OK] Co-Enshrinement in Seki Shrine
[OK] Co-Enshrinement of Afukakotano Shrine
[OK] Co-Enshrinement of Afukamuyamano Shrine
[OK] Co-Enshrinement of Haseno Shrine
[OK] Co-Enshrinement of Hichino Shrine
[OK] Co-Enshrinement of Hichino Shrine Ronsha 6
[OK] Co-Enshrinement of Hitsukurano Shrine
[OK] Co-Enshrinement of Hotsumino Shrine
[OK] Co-Enshrinement of Ohokino Shrine
[OK] Co-Enshrinement of Ohokino Shrine Ronsha 2
[OK] Co-Enshrinement of Ohowano Shrine (Ronsha 1)
[OK] Co-Enshrinement of Sakurano Shrine
[SKIP] Daikai Shrine (protected)
[OK] Daisen Ōji Shrine
[OK] Dewa Shrine (Dewa Province)
[OK] E Shrine (Ise Province)
[OK] Eda Shrine (Ise Province)
[OK] Ekurino Shrine
[OK] Ena Shrine (Hida Province)
[OK] Enano Shrine
[OK] Eno Shrine (Co-Enshrinement)
[OK] Eno Shrine (Echigo Province 2)
[OK] Eno Shrine (Echigo Province)
[OK] Eno Shrine (Ise Province)
[OK] Etano Shrine (Echizen Province)
[OK] Etano Shrine (Ise Province)
[OK] Fuchiuchino Shrine (Hitachi Province)
[OK] Fuchū Hachiman Shrine (Echigo Province)
[OK] Fujisaki Shrine (Echigo Province)
[OK] Fukaeno Shrine
[OK] Fukakahano Shrine
[OK] Fukamisono Shrine
[OK] Fukatano Shrine
[OK] Fukeno Shrine
[OK] Fukurono Shrine (Echizen Province)
[OK] Fumunashino Shrine
[OK] Funadamano Shrine
[OK] Funayama Shrine
[OK] Funayamano Shrine
[OK] Furufu Shrine
[OK] Furutachino Shrine
[OK] Fusawokino Shrine
[OK] Fusawokino Shrine (Izu Province)
[OK] Fuseno Shrine (Etchū Province)
[OK] Fushino Shrine
[OK] Futagami-yama Shrine (Tottori Prefecture)
[OK] Futamino Shrine
[OK] Futonotono Shrine
[OK] Futsuno Shrine
[OK] Futsuno Shrine (Iyo Province)
[OK] Gongen Shrine (Ujizakura Shrine precincts)
[OK] Gosho Shrine (Awa Province (Tokushima))
[OK] Habuhime Shrine (Shimoda)
[OK] Habuhime-no-Mikoto Shrine
[OK] Hachiman Shrine (Awa Province (Tokushima) 2)
[OK] Hachiman Shrine (Awa Province (Tokushima) 3)
[OK] Hachiman Shrine (Awa Province (Tokushima) 4)
[OK] Hachiman Shrine (Awa Province (Tokushima))
[OK] Hachiman Shrine (Bingo Province)
[OK] Hachiman Shrine (Chikugo Province)
[OK] Hachiman Shrine (Echizen Province 2)
[OK] Hachiman Shrine (Echizen Province 3)
[OK] Hachiman Shrine (Echizen Province 4)
[OK] Hachiman Shrine (Echizen Province 5)
[OK] Hachiman Shrine (Echizen Province)
[OK] Hachiman Shrine (Harima Province)
[OK] Hachiman Shrine (Iki Island)
[OK] Hachiman Shrine (Izu Province)
[OK] Hachiman Shrine (Kisami, Shimoda)
[OK] Hachiman Shrine (Koura)
[OK] Hachiman Shrine (Koura, Minamiizu)
[OK] Hachiman Shrine (Otoi)
[OK] Hachimangū (Echigo Province)
[OK] Hachimangū (Etchū Province)
[OK] Hachimangū (Iwami Province)
[OK] Hachimangū Kinomiya Shrine
[OK] Hachiman‑gu Kinomiya Shrine
[OK] Hachiouji Shrine
[OK] Hachisu Shrine (Awa Province (Tokushima))
[OK] Hachita Shrine
[OK] Hachiōji Shrine
[OK] Hachiōji Shrine (Morisho Village)
[OK] Hafuhimeno- Shrine
[OK] Hafuritano Shrine (Harima Province)
[OK] Hahime Shrine
[OK] Hahō Shrine
[OK] Haji Shrine
[OK] Hajikama Shrine
[OK] Hakatano Shrine
[OK] Hakozaki Hachiman Shrine (Iki Island)
[OK] Hakutahikono Shrine
[OK] Hakutahimeno Shrine
[OK] Hamukosono Shrine
[OK] Harutano Shrine
[OK] Haseno Shrine
[OK] Haseno Shrine (Ise Province)
[OK] Hasenoyamakuchi Shrine
[OK] Hashino Shrine
[OK] Hashiriochino Shrine
[OK] Hata Shrine
[OK] Hatada Shrine
[OK] Hatada Shrine co-EnShrinement
[OK] Hatada Shrine Co-enshrinement (Ihatano)
[OK] Hataketano Shrine former site
[OK] Hataketano Shrine former site (Ise Province)
[OK] Hatamikawino Shrine
[OK] Hatano Shrine
[OK] Hatano Shrine (Ise Province)
[OK] Hatano Shrine (Izumi Province)
[OK] Hataori Shrine
[OK] Hataori Shrine (Ise Province)
[OK] Hatawino Shrine
[OK] Hate Shrine
[OK] Hate Shrine (Ise Province)
[OK] Hateno Shrine
[OK] Hatori Shrine
[OK] Hatorino Shrine
[OK] Hatorino Shrine (Ise Province)
[OK] Hatorinoitomano Shrine
[OK] Hatorinomatokata Shrine
[OK] Hatorinomatokata Shrine former site
[OK] Hatsuhime Shrine
[OK] Hayakahano Shrine (Etchū Province)
[OK] Hayakahano Shrine (Inaba Province)
[OK] Hayashino Shrine (Etchū Province)
[OK] Hayashino Shrine (Ise Province)
[OK] Hayashino Shrine former site
[OK] Hayashino- Shrine
[OK] Hayashino- Shrine former site
[OK] Hayasuihime Shrine (Bungo Province)
[OK] Hayatamawakenomikoto Shrine
[OK] Hayatani Shrine (Aki Province)
[OK] Heda Shrine
[OK] Hegurinoiwatoko Shrine
[OK] Hekireki Shrine
[OK] Hichino Shrine (Ise Province)
[OK] Hichino shrine Co-Enshrinement
[OK] Higashiohotanihimenomikoto Shrine
[OK] Hihameno- Shrine (Awa Province (Tokushima))
[OK] Hihashiri Shrine
[OK] Hihayo Tenjin Shrine
[OK] Hiji Shrine (Iwanai Village, Taki District)
[OK] Hijiri Shrine (Izumi Province)
[OK] Hikawa Shrine (Echizen Province)
[OK] Hikida Shrine
[OK] Hikitachikarano- Shrine
[OK] Hikitachikarano- Shrine (Izu Province)
[OK] Hikitano Shrine
[OK] Hikite Chikara no Mikoto Shrine
[OK] Hikiterikio Shrine
[OK] Hime- Shrine
[OK] Himekamino Shrine
[OK] Himekosono Shrine
[OK] Himekuhano Shrine
[OK] Himemiya Shrine
[OK] Himemiya Shrine Co-Enshrinement
[OK] Himenuno Shrine
[OK] Himesaka Shrine
[OK] Himesakano Shrine
[OK] Himukahino Shrine
[OK] Hine Shrine
[OK] Hino Shrine (Echizen Province)
[OK] Hinono Shrine
[OK] Hiokino Shrine (Etchū Province)
[OK] Hiraoka Shrine
[OK] Hirohata Shrine
[OK] Hirose Shrine
[OK] Hirose Shrine (Izunokuni)
[OK] Hiroseno Shrine
[OK] Hiroseno Shrine (Izu Province)
[OK] Hisamamechi Shrine
[OK] Hisamamechi Shrine (Ise Province)
[OK] Hisatsuchino Shrine
[OK] Hisatsuchino Shrine (Ise Province)
[OK] Hisazuchi Shrine
[OK] Hisazuchi Sugawara Shrine
[OK] Hitowoseno Shrine
[OK] Hitsukurano Shrine
[OK] Hiyakurakuno Shrine
[OK] Hiyakurakuno Shrine (Iwami Province)
[OK] Hiyoshi Shrine (Echigo Province)
[OK] Hobata Shrine
[OK] Hokura Shrine
[OK] Hokurano Shrine
[OK] Homusuhino- Shrine
[OK] Hongu Shrine Yohaisho of Kasuga-taisha
[OK] Honoikatsuchino Shrine
[OK] Horisakano Shrine Co-Enshrinement
[OK] Hoshikahano Shrine
[OK] Hosokawa Shrine
[OK] Hosorokino Shrine (Echizen Province)
[OK] Hosoyano Shrine
[OK] Hotsu Village Enshrinement Theory
[OK] Hotsuda Village Enshrinement Theory
[OK] Hotsumino Shrine
[OK] Hotsumino Shrine former site
[OK] Hotsusakeno- Shrine
[OK] Hotsusakeno- Shrine (Izu Province)
[OK] Housono Shrine
[OK] Hozumi Shrine (Ise Province)
[OK] Hyōzu Shrine (Iki Island)
[OK] Ibaraki Shrine
[OK] Ichiimotono Shrine
[OK] Ichisuka Shrine
[OK] Ide Shrine
[OK] Ifukiikatsuchi- Shrine
[OK] Igami Shrine
[OK] Igarashi Shrine (Echigo Province)
[OK] Igatomega Shrine
[OK] Ihakamiichino Shrine
[OK] Ihakurawakeno- Shrine
[OK] Ihano Shrine
[OK] Ihano Shrine (Co-Enshrinement)
[OK] Ihanohimeno- Shrine
[OK] Ihare- Shrine
[OK] Ihare- Shrine (Izu Province)
[OK] Ihareyamakuchino Shrine
[OK] Iharino Shrine (Hitachi Province)
[OK] Ihasakino Shrine
[OK] Ihatano Shrine (Echizen Province)
[OK] Ihatano Shrine (Ise Province)
[OK] Ihatano Shrine former site
[OK] Ihatewakeno- Shrine
[OK] Ihatewakeno- Shrine (Izu Province)
[OK] Ihatokono Shrine
[OK] Ihatsumino Shrine
[OK] Ihatsutano- Shrine
[OK] Ihatsutano- Shrine (Izumi Province)
[OK] Ihefuseno Shrine
[OK] Ihinono Shrine
[OK] Ihita Shrine
[OK] Ihotachino Shrine
[OK] Iino Shrine
[OK] Iino Shrine (Ise Province)
[OK] Ikagashi Shrine (Awa Province (Tokushima))
[OK] Ikamashi Shrine
[OK] Ikamu Shrine
[OK] Ikamuhimeno- Shrine
[OK] Ikarashi Shrine (Echigo Province)
[OK] Ikaruga Shrine
[OK] Ikarukano Shrine
[OK] Ikazuchi Shrine (Echizen Province 2)
[OK] Ikazuchi Shrine (Echizen Province 3)
[OK] Ikazuchi Shrine (Echizen Province)
[OK] Ikazuchi Shrine (Ise Province)
[OK] Ikenimasu-asagirikihatahime Shrine
[OK] Iketano Shrine
[OK] Iki Shrine (Echizen Province)
[OK] Ikoma Shrine
[OK] Ikomayamaguchi Shrine
[OK] Ikukunino Shrine
[OK] Ikune Shrine
[OK] Ikuta Shrine
[OK] Ima Shrine
[OK] Imuheno Shrine (Awa Province (Tokushima))
[OK] Inaba Shrine
[OK] Inabe Shrine
[OK] Inabu Shrine
[OK] Inafuno Shrine
[OK] Inahano Shrine
[OK] Inakami Shrine
[OK] Inakami Shrine (Izu Province)
[OK] Inamiyano- Shrine
[OK] Inane Shrine
[OK] Inari Shrine
[OK] Inashimo Shrine
[OK] Inashimono Shrine
[OK] Inashironimasu Shrine
[OK] Inashirono Shrine
[OK] Inatsuhiko Shrine
[OK] Inbe Shrine (Awa Province (Tokushima))
[OK] Inbe- Shrine
[OK] Inoue Hachiman Shrine (Awa Province (Tokushima))
[OK] Io Shrine
[OK] Ironouheno Shrine
[OK] Irō Shrine
[OK] Isagawa Awa Shrine
[OK] Isagu Shrine
[OK] Isanahikono Shrine (Echizen Province)
[OK] Isanakino Shrine
[OK] Isanakino Shrine (Ise Province)
[OK] Isawano Shrine
[OK] Isetaniwa Shrine
[OK] Isetano Shrine
[OK] Ishidate Shrine
[OK] Ishifu Shrine
[OK] Ishigami Shrine
[OK] Ishii Shrine (Echigo Province) (Echigo Province)
[OK] Ishino Shrine
[OK] Ishino Shrine (Ise Province)
[OK] Ishitokutaka Shrine (Mamezuka Shrine)
[OK] Ishizu Shrine
[OK] Ishizumi Shrine
[OK] Iso Shrine
[OK] Isoheno Shrine (Echizen Province)
[OK] Isoheno Shrine (Etchū Province)
[OK] Isoheno Shrine (Harima Province)
[OK] Isoheno Shrine (Ise Province)
[OK] Isokimi Shrine (Echigo Province)
[OK] Isonokami Jingū
[OK] Isonokamino Shrine
[OK] Isonono Shrine
[OK] Isononosakino Shrine
[OK] Ita Shrine
[OK] Itakeru Shrine
[OK] Itatano Shrine
[OK] Itawi Shrine
[OK] Itowino Shrine
[OK] Itsukushima Shrine (Aki Province)
[OK] Itsumino Shrine
[OK] Itsumotakewono Shrine
[OK] Itsunahimeno Shrine
[OK] Iwafune Shrine (Echigo Province)
[OK] Iwai Onsen
[OK] Iwaida Shrine (Harima Province)
[OK] Iwano Shrine
[OK] Iwashitsuno Shrine
[OK] Iwatowakeyakurahimeno Shrine (Awa Province (Tokushima))
[OK] Iwoumino Shrine
[OK] Iyamano Shrine
[OK] Iyono Shrine
[OK] Iyotsubikoinochi Shrine
[OK] Iyotsuhikono- Shrine
[OK] Izanagi Jingū
[OK] Izanagi Shrine (Kanmaki)
[OK] Izanagi-no-Miya
[OK] Izanami Shrine (Awa Province (Tokushima))
[OK] Izanami-no-Miya
[OK] Izumianashi Shrine
[OK] Izumo-no-winoheno Shrine
[OK] Izumotakanono Shrine
[OK] Izumowokano Shrine
[OK] Izusan Shrine (protector of the eight provinces)
[OK] Jouguuko Shrine
[OK] Junisho Shrine (Awa Province (Tokushima))
[OK] Kabatakamo Shrine
[OK] Kachimino Shrine
[OK] Kaden Shrine
[OK] Kafu Shrine
[OK] Kafu Shrine (Ise Province)
[OK] Kafuno Shrine
[OK] Kagamitsukuri Nimasu Amateru Mitama Shrine
[OK] Kagamitsukurimake Shrine
[OK] Kaguraokahachimanguu
[OK] Kaguraokahachimanguu (Iwami Province)
[OK] Kahaahino Shrine (Echigo Province)
[OK] Kahaahino Shrine (Ise Province)
[OK] Kahakamikashihono Shrine
[OK] Kahamatano Shrine
[OK] Kahamatano Shrine (Ise Province)
[OK] Kahano Shrine
[OK] Kaharano- Shrine
[OK] Kaharano- Shrine (Ise Province)
[OK] Kahata Kamo Shrine
[OK] Kahawinotsuki Shrine
[OK] Kahiruno Shrine (Echizen Province)
[OK] Kakamitsukuriitano Shrine
[OK] Kakitano Shrine (Harima Province)
[OK] Kakitano Shrine (Izumi Province)
[OK] Kamazoku‑Miden Shrine
[OK] Kameyama Shrine (Ise Province)
[OK] Kamigaki Shrine
[OK] Kamimura Shrine (former site)
[OK] Kamino- Shrine
[OK] Kamisawa Shrine
[OK] Kamishima Shrine (Bitchū Province)
[OK] Kamisumuji Shrine
[OK] Kamiyama Shrine
[OK] Kamo Shrine (Awaji Province)
[OK] Kamo Shrine (Echizen Province 2)
[OK] Kamo Shrine (Echizen Province)
[OK] Kamo Shrine (Etchū Province)
[OK] Kamo Shrine (Iwami Province)
[OK] Kamo Yamaguchi Shrine
[OK] Kamogami Shrine (Awa Province (Tokushima))
[OK] Kamonaraita Shrine
[OK] Kamono Shrine (Awa Province (Tokushima))
[OK] Kamono Shrine (Bizen Province 2)
[OK] Kamono Shrine (Bizen Province 3)
[OK] Kamono Shrine (Bizen Province)
[OK] Kamono Shrine (Ise Province)
[OK] Kamono Shrine (Izu Province)
[OK] Kamonohanino Shrine
[OK] Kamonokahāhini Shrine
[OK] Kamotakatano Shrine
[OK] Kamowokamotono Shrine
[OK] Kamoyamaguchino Shrine
[OK] Kamubeno Shrine
[OK] Kamuharano- Shrine
[OK] Kamuhatano Shrine
[OK] Kamukakino Shrine
[OK] Kamurono Shrine
[OK] Kamusakino Shrine
[OK] Kamusakino Shrine (Ise Province)
[OK] Kamusohino Shrine (Echizen Province)
[OK] Kamutano Shrine
[OK] Kamutano Shrine (Iwami Province)
[OK] Kanamurano Shrine
[OK] Kanayamahikono Shrine
[OK] Kanayamahimeno Shrine
[OK] Kandate Iino Takaichi Shrine
[OK] Kandate Iino Takaichi Shrine Co-Enshrinement
[OK] Kandate Shrine
[OK] Kanhatorihatadono Shrine
[OK] Kanko Shrine
[OK] Kankosahino Shrine
[OK] Kannahino Shrine
[OK] Kansha Shrine
[OK] Kanwokano Shrine
[OK] Karahino Shrine
[OK] Karasu Shrine
[OK] Karita Shrine
[OK] Karukomuranimasu Shrine
[OK] Karuno Shrine
[OK] Kasahayano Shrine (Echizen Province)
[OK] Kasechino Shrine
[OK] Kashima Shrine (Etchū Province)
[OK] Kashima Shrine (Hitachi Province)
[OK] Kashinashino Shrine
[OK] Kasuga Shrine (Echizen Province 2)
[OK] Kasuga Shrine (Echizen Province 3)
[OK] Kasuga Shrine (Echizen Province 4)
[OK] Kasuga Shrine (Echizen Province 5)
[OK] Kasuga Shrine (Echizen Province)
[OK] Kasuga Shrine (Harima Province)
[OK] Kasukaheno-Mikono Shrine
[OK] Kasuyano Shrine
[OK] Katagishi Shrine (Echizen Province)
[OK] Kataoka Shrine
[OK] Kataoka Shrine (Ise Province)
[OK] Katasuge Shrine
[OK] Katasuge Shrine (Izu Province)
[OK] Katasukano- Shrine
[OK] Katata Shrine
[OK] Katayamanomikono Shrine
[OK] Katono- Shrine
[OK] Katsugumi Shrine
[OK] Katsuragi Futakami Shrine
[OK] Katsuragi Hitokotonushi Shrine
[OK] Katsuragi-shitori-niimasuameno-hatsuchino-mikoto Shrine
[OK] Katsuragimiagatano Shrine
[OK] Katsuraki ni Imasu Honoikaduchi Shrine
[OK] Katsurano Shrine
[OK] Kawabe Shrine
[OK] Kawabe Shrine (Ise Province)
[OK] Kawachi Kunitama Shrine
[OK] Kawachi Shrine (Echigo Province)
[OK] Kawakami Shrine (Awaji Province) (Awaji Province)
[OK] Kawamata Shrine
[OK] Kawamata Shrine (Ise Province)
[OK] Kawara Shrine (Ise Province)
[OK] Kawarano Shrine
[OK] Kawazoe Shrine
[OK] Kayanarumino Shrine
[OK] Ken Shrine (Awa Province (Tokushima))
[OK] Ketsuwakino Shrine
[OK] Kifune Shrine (Hida Province)
[OK] Kikamino Shrine
[OK] Kineno Shrine (Iga Province)
[OK] Kinomiya Shrine (Izu Province)
[OK] Kinpu Shrine (Echigo Province)
[OK] Kirutano Shrine
[OK] Kisaki Shrine
[OK] Kishino Shrine
[OK] Kishino Shrine (Ise Province)
[OK] Kita Shrine
[OK] Kitashita Shrine
[OK] Kitsune Mound (Ōta, Ueno Village)
[OK] Kiyonowihano Shrine
[OK] Kiyonowihano Shrine former site
[OK] Kogihara Shrine
[OK] Kogihara Shrine (Harima Province)
[OK] Koheno Shrine
[OK] Kojin Shrine
[OK] Kokubunji Hekireki Shrine
[OK] Kokubunjihekireki Shrine
[OK] Kokubunjihiyakurakuno Shrine
[OK] Kokuzō Shrine
[OK] Komagataooshige Shrine
[OK] Komano Shrine
[OK] Kosaka Shrine
[OK] Kosenoyama-ihakura- Shrine
[OK] Kosenoyamakuchino Shrine
[OK] Kosetsuhiko-no-Mikoto Shrine
[OK] Koshikino- Shrine
[OK] Kotoimi Shrine
[OK] Kotoimi Shrine (Ise Province)
[OK] Kotoimino Shrine
[OK] Kou Shrine
[OK] Kousuna Shrine
[OK] Koyano- Shrine
[OK] Kudo Shrine
[OK] Kuhanano Shrine
[OK] Kuhauchino Shrine
[OK] Kuhiwokano Shrine
[OK] Kukushimino Shrine
[OK] Kumano Shrine (Awaji Province)
[OK] Kumano Shrine (Etchū Province) (Etchū Province)
[OK] Kumano Shrine (Iki Island)
[OK] Kumano Shrine (Iwadono, Minamiizu Town)
[OK] Kumomi Sengen Shrine (Ontake Sengen-gū)
[OK] Kunaka Shrine
[OK] Kunarino Shrine
[OK] Kunihashiramikoto Shrine
[OK] Kuninaka Shrine (Echizen Province)
[OK] Kunino Shrine
[OK] Kuninomi Shrine
[OK] Kuninomi Shrine (Legendary Site B, Tokorocho, Matsusaka)
[OK] Kuninomi Shrine Site (Legendary Site A)
[OK] Kunio Ōno Shrine (Echizen Province)
[OK] Kunitama Shrine
[OK] Kunitama Shrine (Izu Province)
[OK] Kunitsu Shrine (Bizen Province)
[OK] Kunitsu Shrine (Iki Island)
[OK] Kunitsuhiko-no-Mikoto Shrine
[OK] Kunitsukami Shrine
[OK] Kunitsuno Shrine
[OK] Kuretsuhikono Shrine
[OK] Kuriharano Shrine
[OK] Kuroshima Shrine
[OK] Kurotano Shrine
[OK] Kurumano Shrine
[OK] Kusaoka Shrine (Etchū Province)
[OK] Kusatsuohotoshino Shrine
[OK] Kushida Shrine (Ise Province)
[OK] Kushida Shrine (Matsusaka)
[OK] Kushiro-kokeka- Shrine
[OK] Kushirokahime Shrine
[OK] Kushitamanomikoto Shrine
[OK] Kushitano Shrine
[OK] Kushitatsukimotono Shrine
[OK] Kusumi Shrine
[OK] Kusumotono Shrine
[OK] Kususumino Shrine
[OK] Kutamano Shrine
[OK] Kutamino Shrine
[OK] Kutsumino Shrine (Echizen Province)
[OK] Kutsumino Shrine (Izu Province)
[OK] Kutsuokamino Shrine
[OK] Kuwato Shrine
[OK] Kuzumi Shrine
[OK] Kō Shrine (Hida Province)
[OK] Location Unknown
[OK] Mahatakino Shrine
[OK] Make Shrine (Echizen Province)
[OK] Makeno Shrine (Echizen Province)
[OK] Makimoto Shrine
[OK] Makimotono Shrine
[OK] Makimuku- Shrine
[OK] Makiwono Shrine
[OK] Mamezuka Shrine
[OK] Mangu Shrine
[OK] Manguu Shrine
[OK] Marokasa Shrine
[OK] Matono Shrine
[OK] Matsuo Shrine (Echigo Province)
[OK] Matsusaka Shrine
[OK] Matsushita Shrine
[SKIP] Mefu Shrine (protected)
[SKIP] Meharano- Shrine (protected)
[SKIP] Meta Shrine (protected)
[SKIP] Michiheno Shrine (protected)
[OK] Mifune Shrine (Ise Province)
[SKIP] Miino Shrine (protected)
[SKIP] Miko- Shrine (protected)
[OK] Mikuri Shrine (Echigo Province)
[SKIP] Mikushi Shrine (protected)
[SKIP] Miminashi Yamaguchi Shrine (protected)
[OK] Mimitoshino Shrine
[OK] Mimitsune Shrine
[OK] Mimitsuneno Shrine
[SKIP] Mimorono Shrine (protected)
[OK] Mimukono Shrine
[OK] Mimutsune Shrine
[OK] Mimutsune Shrine (Ise Province)
[OK] Minagi Shrine (Chikuzen Province)
[OK] Minakuchino Shrine (Awaji Province)
[OK] Minamihachimanguu
[OK] Minamikogami Shrine
[OK] Minamikono Shrine
[OK] Minamishikyuu
[OK] Minefurino Shrine
[SKIP] Mino Agatanushi Shrine (protected)
[OK] Minoheno Shrine
[OK] Minokamino Shrine
[OK] Minowa Shrine
[OK] Minowa Shrine (Izu Province)
[OK] Minoyano Shrine
[SKIP] Minume Shrine (protected)
[SKIP] Mioyano Shrine (protected)
[OK] Misaki Shrine (Echizen Province)
[SKIP] Misakiharanoiwatachinomikoto Shrine (protected)
[OK] Misakitono Shrine
[OK] Mishima Shrine (Aono, Minamiizu)
[OK] Mishima Shrine (Echigo Province)
[OK] Mishima Shrine (Iyo Province)
[OK] Mishima Shrine (Izu Province)
[OK] Mishima Shrine (Izu Province) (Izu Province)
[OK] Mishima Shrine (Minamiizu )
[OK] Mishima Shrine (Minamiizu)
[OK] Mishima Shrine (Minamiizu-chō Nijō)
[OK] Mishima Shrine (Nijo, Minamiizu Town)
[OK] Mishima Shrine (Shimoda)
[SKIP] Mishimakamono Shrine (protected)
[OK] Mitaka Shrine
[SKIP] Mitami Shrine (protected)
[OK] Mitanino Shrine (Inaba Province)
[SKIP] Mitekurano Shrine (protected)
[OK] Mitekuranuno Shrine
[SKIP] Mitono Shrine (protected)
[OK] Mitori Shrine
[SKIP] Mitoshino Shrine (protected)
[OK] Mitsukakino Shrine
[SKIP] Mitsukuweno Shrine (protected)
[OK] Mitsuno Shrine (Iki Island)
[OK] Miwa Shrine (Bitchū Province)
[SKIP] Miwanomikomimusuhime- Shrine (protected)
[OK] Miyake Shrine (Echigo Province) (Echigo Province)
[OK] Miyake Shrine (Ise Province)
[SKIP] Miyake Shrine (Matsubara) (protected)
[OK] Miyakeno Shrine (Echigo Province)
[OK] Miyakeno Shrine (Ise Province)
[OK] Miyama Gozen Shrine
[SKIP] Miyasakinonarukamino Shrine (protected)
[OK] Miyu Shrine
[SKIP] Mizokui Shrine (protected)
[SKIP] Mizushi Shrine (protected)
[OK] Monoiminano- Shrine
[OK] Monoiminano- Shrine (Izu Province)
[OK] Mononobe Futsu Shrine Site
[OK] Mononobe Shrine (Echigo Province)
[OK] Mononobe Shrine (Iwami Province)
[OK] Mononoheno Shrine (Echigo Province)
[OK] Mononoheno Shrine (Etchū Province)
[OK] Mononoheno Shrine (Harima Province)
[OK] Mononoheno Shrine (Ise Province)
[OK] Mononoheno Shrine Co-Enshrinement
[OK] Mononoheno- Shrine
[SKIP] Morimotono Shrine (protected)
[OK] Moriyama Hachiman Shrine
[OK] Morokuchi Shrine
[OK] Morokuchi Shrine (Izu Province)
[OK] Moruyamano Shrine
[OK] Moruyamano Shrine Co-EnShrinement
[OK] Moruyamano Shrine former site
[OK] Motomiya Shrine
[OK] Mukumotono Shrine
[OK] Munakatano Shrine (Bizen Province)
[OK] Munakatano Shrine (Hōki Province)
[OK] Muraya-ni-masu-Mifutsuhime Shrine
[OK] Murayama Shrine
[OK] Murayano Shrine
[OK] Mure Shrine
[OK] Mureno Shrine
[OK] Murofunoriuketsuno Shrine
[OK] Murohime Shrine (Awa Province (Tokushima))
[OK] Murokino Shrine
[OK] Musanimasu Shrine
[OK] Myoujin Shrine
[OK] Myouken Shrine
[OK] Nabekurano Shrine
[OK] Nagahama Shrine
[OK] Nagaoka Shrine (Echizen Province)
[OK] Nagara Shrine
[OK] Nagase Shrine (Echigo Province)
[OK] Nagase Shrine (Ise Province)
[OK] Nagata Shrine
[OK] Nago Shrine
[OK] Nagoya Shrine
[OK] Nahashirono Shrine
[OK] Naka Shrine
[OK] Naka Shrine (Ise Province)
[OK] Naka Shrine (Izu Province)
[OK] Naka Shrine (Matsuzaki)
[OK] Nakakurano Shrine
[OK] Nakamiya Shrine
Traceback (most recent call last):
  File "C:\Users\ambie\AppData\Local\Programs\Python\Python313\Lib\site-packages\requests\models.py", line 974, in json
    return complexjson.loads(self.text, **kwargs)
           ~~~~~~~~~~~~~~~~~^^^^^^^^^^^^^^^^^^^^^
  File "C:\Users\ambie\AppData\Local\Programs\Python\Python313\Lib\json\__init__.py", line 346, in loads
    return _default_decoder.decode(s)
           ~~~~~~~~~~~~~~~~~~~~~~~^^^
  File "C:\Users\ambie\AppData\Local\Programs\Python\Python313\Lib\json\decoder.py", line 345, in decode
    obj, end = self.raw_decode(s, idx=_w(s, 0).end())
               ~~~~~~~~~~~~~~~^^^^^^^^^^^^^^^^^^^^^^^
  File "C:\Users\ambie\AppData\Local\Programs\Python\Python313\Lib\json\decoder.py", line 363, in raw_decode
    raise JSONDecodeError("Expecting value", s, err.value) from None
json.decoder.JSONDecodeError: Expecting value: line 1 column 1 (char 0)

During handling of the above exception, another exception occurred:

Traceback (most recent call last):
  File "C:\Users\Immanuelle\Documents\Github\q\wikibot\engishiki_list_generator\reset_placeholder_pages_from_A.py", line 105, in <module>
    if overwrite_page(title, csrf):
       ~~~~~~~~~~~~~~^^^^^^^^^^^^^
  File "C:\Users\Immanuelle\Documents\Github\q\wikibot\engishiki_list_generator\reset_placeholder_pages_from_A.py", line 72, in overwrite_page
    if has_protected_category(title):
       ~~~~~~~~~~~~~~~~~~~~~~^^^^^^^
  File "C:\Users\Immanuelle\Documents\Github\q\wikibot\engishiki_list_generator\reset_placeholder_pages_from_A.py", line 57, in has_protected_category
    "format": "json"}).json()
                       ~~~~^^
  File "C:\Users\ambie\AppData\Local\Programs\Python\Python313\Lib\site-packages\requests\models.py", line 978, in json
    raise RequestsJSONDecodeError(e.msg, e.doc, e.pos)
requests.exceptions.JSONDecodeError: Expecting value: line 1 column 1 (char 0)
